{"name": "test_smena_pr", "status": "broken", "statusDetails": {"message": "selenium.common.exceptions.NoSuchElementException: Message: Элемент с текстом \"('-android uiautomator', 'new UiSelector().text(\"Тариф UP\")')\" не найден; For documentation on this error, please visit: https://www.selenium.dev/documentation/webdriver/troubleshooting/errors#no-such-element-exception", "trace": "self = <test_app_android.project.pages.tariff_list_page.ListPage object at 0x000001F9E58C17F0>, locator_type = '-android uiautomator', locator = 'new UiSelector().text(\"Тариф UP\")'\n\n    def find_element(self, locator_type, locator):\n        try:\n            # Попытка найти элемент\n>           return self.driver.find_element(locator_type, locator)\n\ntest_app_android\\project\\pages\\base_app.py:21: \n_ _ _ _ _ _ _ _ _ _ _ _ _ _ _ _ _ _ _ _ _ _ _ _ _ _ _ _ _ _ _ _ _ _ _ _ _ _ _ _ _ _ _ _ _ _ _ _ _ _ _ _ _ _ _ _ _ _ _ _ _ _ _ _ _ _ _ _ _ _ _ _ _ _ _ _ _ _ _ _ _ _ _ _ _ _ _ _ _ _ _ _ _ _ _ _ _ _ _ _ _ _ _ _ _ _ _ _ _ _ _ _ _ _\n..\\BeelineQA\\venv\\Lib\\site-packages\\selenium\\webdriver\\remote\\webdriver.py:770: in find_element\n    return self.execute(Command.FIND_ELEMENT, {\"using\": by, \"value\": value})[\"value\"]\n..\\BeelineQA\\venv\\Lib\\site-packages\\selenium\\webdriver\\remote\\webdriver.py:384: in execute\n    self.error_handler.check_response(response)\n_ _ _ _ _ _ _ _ _ _ _ _ _ _ _ _ _ _ _ _ _ _ _ _ _ _ _ _ _ _ _ _ _ _ _ _ _ _ _ _ _ _ _ _ _ _ _ _ _ _ _ _ _ _ _ _ _ _ _ _ _ _ _ _ _ _ _ _ _ _ _ _ _ _ _ _ _ _ _ _ _ _ _ _ _ _ _ _ _ _ _ _ _ _ _ _ _ _ _ _ _ _ _ _ _ _ _ _ _ _ _ _ _ _\n\nself = <appium.webdriver.errorhandler.MobileErrorHandler object at 0x000001F9E58C3230>\nresponse = {'status': 404, 'value': '{\"value\":{\"error\":\"no such element\",\"message\":\"An element could not be located on the page u...ode_modules\\\\\\\\appium\\\\\\\\node_modules\\\\\\\\@appium\\\\\\\\base-driver\\\\\\\\lib\\\\\\\\basedriver\\\\\\\\commands\\\\\\\\find.ts:75:12)\"}}'}\n\n    def check_response(self, response: Dict[str, Any]) -> None:\n        \"\"\"\n        https://www.w3.org/TR/webdriver/#errors\n        \"\"\"\n        payload = response.get('value', '')\n        if isinstance(payload, dict):\n            payload_dict = payload\n        else:\n            try:\n                payload_dict = json.loads(payload)\n            except (json.JSONDecodeError, TypeError):\n                return\n            if not isinstance(payload_dict, dict):\n                return\n        value = payload_dict.get('value')\n        if not isinstance(value, dict):\n            return\n        error = value.get('error')\n        if not error:\n            return\n    \n        message = value.get('message', error)\n        stacktrace = value.get('stacktrace', '')\n        # In theory, we should also be checking HTTP status codes.\n        # Java client, for example, prints a warning if the actual `error`\n        # value does not match to the response's HTTP status code.\n        exception_class: Type[sel_exceptions.WebDriverException] = ERROR_TO_EXC_MAPPING.get(\n            error, sel_exceptions.WebDriverException\n        )\n        if exception_class is sel_exceptions.WebDriverException and message:\n            if message == 'No such context found.':\n                exception_class = appium_exceptions.NoSuchContextException\n            elif message == 'That command could not be executed in the current context.':\n                exception_class = appium_exceptions.InvalidSwitchToTargetException\n    \n        if exception_class is sel_exceptions.UnexpectedAlertPresentException:\n            raise sel_exceptions.UnexpectedAlertPresentException(\n                msg=message,\n                stacktrace=format_stacktrace(stacktrace),\n                alert_text=value.get('data'),\n            )\n>       raise exception_class(msg=message, stacktrace=format_stacktrace(stacktrace))\nE       selenium.common.exceptions.NoSuchElementException: Message: An element could not be located on the page using the given search parameters.; For documentation on this error, please visit: https://www.selenium.dev/documentation/webdriver/troubleshooting/errors#no-such-element-exception\nE       Stacktrace:\nE       NoSuchElementError: An element could not be located on the page using the given search parameters.\nE           at AndroidUiautomator2Driver.findElOrEls (C:\\Users\\verli\\.appium\\node_modules\\appium-uiautomator2-driver\\node_modules\\appium-android-driver\\lib\\commands\\find.ts:86:11)\nE           at processTicksAndRejections (node:internal/process/task_queues:105:5)\nE           at AndroidUiautomator2Driver.findElOrElsWithProcessing (C:\\Users\\verli\\AppData\\Roaming\\npm\\node_modules\\appium\\node_modules\\@appium\\base-driver\\lib\\basedriver\\commands\\find.ts:60:12)\nE           at AndroidUiautomator2Driver.findElement (C:\\Users\\verli\\AppData\\Roaming\\npm\\node_modules\\appium\\node_modules\\@appium\\base-driver\\lib\\basedriver\\commands\\find.ts:75:12)\n\n..\\BeelineQA\\venv\\Lib\\site-packages\\appium\\webdriver\\errorhandler.py:125: NoSuchElementException\n\nDuring handling of the above exception, another exception occurred:\n\ndriver = <appium.webdriver.webdriver.WebDriver (session=\"33754087-7c57-4d73-bcac-15450e3bef54\")>\nfile_data = [{'balance': 2500, 'cycle': 'month', 'default': 'no', 'market': 'SCH', ...}, {'balance': 2500, 'cycle': 'month', 'default': 'no', 'market': 'SCH', ...}, {'balance': 2500, 'cycle': 'month', 'default': 'no', 'market': 'SCH', ...}]\napp_pages = <test_app_android.project.tests.conftest.app_pages.<locals>.Pages object at 0x000001F9E5628C20>\n\n    @allure.feature(\"Тестирование тарифа UP\")\n    def test_smena_pr(driver, file_data, app_pages):\n        #:param row_indices: Индекс строки для запуска (начиная с 0).\n        row_indices = None\n        # row_indices=None запускаются все строки\n        # row_indices=[0] запуск одной строки, 0 эта первая строка теста\n        # row_indices=[1, 2] запуск нескольких строк\n        # row_indices=range(1, 4) запускается диапазон строк\n        \"\"\"\n        Тестирование тарифа UP\n        \"\"\"\n        if row_indices is not None:\n            # Запускаем только указанные строки по индексам\n            for index in row_indices:\n                process_tariff_changes(driver, file_data[index], app_pages)\n        else:\n            # Запускаем все строки\n            for row in file_data:\n>               process_tariff_changes(driver, row, app_pages)\n\ntest_app_android\\project\\tests\\test.py:334: \n_ _ _ _ _ _ _ _ _ _ _ _ _ _ _ _ _ _ _ _ _ _ _ _ _ _ _ _ _ _ _ _ _ _ _ _ _ _ _ _ _ _ _ _ _ _ _ _ _ _ _ _ _ _ _ _ _ _ _ _ _ _ _ _ _ _ _ _ _ _ _ _ _ _ _ _ _ _ _ _ _ _ _ _ _ _ _ _ _ _ _ _ _ _ _ _ _ _ _ _ _ _ _ _ _ _ _ _ _ _ _ _ _ _\ntest_app_android\\project\\tests\\test.py:352: in process_tariff_changes\n    test_plan.test_select_tariff(app_pages)\ntest_app_android\\project\\tests\\test.py:98: in test_select_tariff\n    self.app_pages.list.go_tariff(self.name_tp)\ntest_app_android\\project\\pages\\tariff_list_page.py:43: in go_tariff\n    self.list.go_tariff(name)\ntest_app_android\\project\\pages\\tariff_list_page.py:19: in go_tariff\n    tariff = self.find_nearby_element(name, class_name = \"android.widget.Button\", y_coordinate = 500, direction='below')\ntest_app_android\\project\\pages\\base_app.py:400: in find_nearby_element\n    parent = self.get_element_by_text(name)\ntest_app_android\\project\\pages\\base_app.py:229: in get_element_by_text\n    element = self.find_element(AppiumBy.ANDROID_UIAUTOMATOR, f'new UiSelector().text(\"{text}\")')\n_ _ _ _ _ _ _ _ _ _ _ _ _ _ _ _ _ _ _ _ _ _ _ _ _ _ _ _ _ _ _ _ _ _ _ _ _ _ _ _ _ _ _ _ _ _ _ _ _ _ _ _ _ _ _ _ _ _ _ _ _ _ _ _ _ _ _ _ _ _ _ _ _ _ _ _ _ _ _ _ _ _ _ _ _ _ _ _ _ _ _ _ _ _ _ _ _ _ _ _ _ _ _ _ _ _ _ _ _ _ _ _ _ _\n\nself = <test_app_android.project.pages.tariff_list_page.ListPage object at 0x000001F9E58C17F0>, locator_type = '-android uiautomator', locator = 'new UiSelector().text(\"Тариф UP\")'\n\n    def find_element(self, locator_type, locator):\n        try:\n            # Попытка найти элемент\n            return self.driver.find_element(locator_type, locator)\n        except Exception as e:\n            # Обработка исключения, если элемент не найден\n            print(f\"Ошибка: Элемент с локатором ({locator_type}, {locator}) не найден.\")\n            print(f'Не найден элемент с текстом \"{locator_type, locator}\"')\n            allure.attach(f\"Попытка найти элемент с текстом: '{locator_type, locator}'\", name=\"Детали поиска\", attachment_type=allure.attachment_type.TEXT)\n            screenshot = self.driver.get_screenshot_as_png()\n            allure.attach(screenshot, name=\"Скриншот\", attachment_type=allure.attachment_type.PNG)\n>           raise NoSuchElementException(f'Элемент с текстом \"{locator_type, locator}\" не найден')\nE           selenium.common.exceptions.NoSuchElementException: Message: Элемент с текстом \"('-android uiautomator', 'new UiSelector().text(\"Тариф UP\")')\" не найден; For documentation on this error, please visit: https://www.selenium.dev/documentation/webdriver/troubleshooting/errors#no-such-element-exception\n\ntest_app_android\\project\\pages\\base_app.py:29: NoSuchElementException"}, "steps": [{"name": "Тест-кейс: смена тарифа \"Тариф UP\"", "status": "broken", "statusDetails": {"message": "selenium.common.exceptions.NoSuchElementException: Message: Элемент с текстом \"('-android uiautomator', 'new UiSelector().text(\"Тариф UP\")')\" не найден; For documentation on this error, please visit: https://www.selenium.dev/documentation/webdriver/troubleshooting/errors#no-such-element-exception\n\n", "trace": "  File \"C:\\Users\\verli\\IdeaProjects\\AppBee\\test_app_android\\project\\tests\\test.py\", line 352, in process_tariff_changes\n    test_plan.test_select_tariff(app_pages)\n    ~~~~~~~~~~~~~~~~~~~~~~~~~~~~^^^^^^^^^^^\n  File \"C:\\Users\\verli\\IdeaProjects\\AppBee\\test_app_android\\project\\tests\\test.py\", line 98, in test_select_tariff\n    self.app_pages.list.go_tariff(self.name_tp)\n    ~~~~~~~~~~~~~~~~~~~~~~~~~~~~~^^^^^^^^^^^^^^\n  File \"C:\\Users\\verli\\IdeaProjects\\AppBee\\test_app_android\\project\\pages\\tariff_list_page.py\", line 43, in go_tariff\n    self.list.go_tariff(name)\n    ~~~~~~~~~~~~~~~~~~~^^^^^^\n  File \"C:\\Users\\verli\\IdeaProjects\\AppBee\\test_app_android\\project\\pages\\tariff_list_page.py\", line 19, in go_tariff\n    tariff = self.find_nearby_element(name, class_name = \"android.widget.Button\", y_coordinate = 500, direction='below')\n  File \"C:\\Users\\verli\\IdeaProjects\\AppBee\\test_app_android\\project\\pages\\base_app.py\", line 400, in find_nearby_element\n    parent = self.get_element_by_text(name)\n  File \"C:\\Users\\verli\\IdeaProjects\\AppBee\\test_app_android\\project\\pages\\base_app.py\", line 229, in get_element_by_text\n    element = self.find_element(AppiumBy.ANDROID_UIAUTOMATOR, f'new UiSelector().text(\"{text}\")')\n  File \"C:\\Users\\verli\\IdeaProjects\\AppBee\\test_app_android\\project\\pages\\base_app.py\", line 29, in find_element\n    raise NoSuchElementException(f'Элемент с текстом \"{locator_type, locator}\" не найден')\n"}, "steps": [{"name": "Переход в каталог тарифов", "status": "passed", "steps": [{"name": "Клик по кнопке \"сменить тариф\"", "status": "passed", "start": 1737366114913, "stop": 1737366115032}], "start": 1737366114913, "stop": 1737366115032}, {"name": "Поиск и выбор тарифа \"Тариф UP\"", "status": "broken", "statusDetails": {"message": "selenium.common.exceptions.NoSuchElementException: Message: Элемент с текстом \"('-android uiautomator', 'new UiSelector().text(\"Тариф UP\")')\" не найден; For documentation on this error, please visit: https://www.selenium.dev/documentation/webdriver/troubleshooting/errors#no-such-element-exception\n\n", "trace": "  File \"C:\\Users\\verli\\IdeaProjects\\AppBee\\test_app_android\\project\\pages\\tariff_list_page.py\", line 19, in go_tariff\n    tariff = self.find_nearby_element(name, class_name = \"android.widget.Button\", y_coordinate = 500, direction='below')\n  File \"C:\\Users\\verli\\IdeaProjects\\AppBee\\test_app_android\\project\\pages\\base_app.py\", line 400, in find_nearby_element\n    parent = self.get_element_by_text(name)\n  File \"C:\\Users\\verli\\IdeaProjects\\AppBee\\test_app_android\\project\\pages\\base_app.py\", line 229, in get_element_by_text\n    element = self.find_element(AppiumBy.ANDROID_UIAUTOMATOR, f'new UiSelector().text(\"{text}\")')\n  File \"C:\\Users\\verli\\IdeaProjects\\AppBee\\test_app_android\\project\\pages\\base_app.py\", line 29, in find_element\n    raise NoSuchElementException(f'Элемент с текстом \"{locator_type, locator}\" не найден')\n"}, "attachments": [{"name": "Детали поиска", "source": "a311f594-c050-4e58-975e-bc0c6deb1686-attachment.txt", "type": "text/plain"}, {"name": "Скриншот", "source": "8ba079e6-adf7-4722-845a-88e913eb2926-attachment.png", "type": "image/png"}], "start": 1737366115032, "stop": 1737366116372}], "start": 1737366106978, "stop": 1737366116376}], "attachments": [{"name": "stdout", "source": "47aa73b8-79ef-40d8-a38e-23bb329c5cdb-attachment.txt", "type": "text/plain"}], "start": 1737366106977, "stop": 1737366116379, "uuid": "7296e0a9-d3d6-4834-b0bf-dcbc4a6563f7", "historyId": "7e317dec957f8d84ca3cc6ce5c1ea4ff", "testCaseId": "7e317dec957f8d84ca3cc6ce5c1ea4ff", "fullName": "test_app_android.project.tests.test#test_smena_pr", "labels": [{"name": "feature", "value": "Тестирование тарифа UP"}, {"name": "parentSuite", "value": "test_app_android.project.tests"}, {"name": "suite", "value": "test"}, {"name": "host", "value": "DESKTOP-G72BB0H"}, {"name": "thread", "value": "24932-MainThread"}, {"name": "framework", "value": "pytest"}, {"name": "language", "value": "cpython3"}, {"name": "package", "value": "test_app_android.project.tests.test"}]}