{"name": "test_smena_pr", "status": "broken", "statusDetails": {"message": "selenium.common.exceptions.NoSuchElementException: Message: Элемент с текстом \"мои продукты\" не найден; For documentation on this error, please visit: https://www.selenium.dev/documentation/webdriver/troubleshooting/errors#no-such-element-exception", "trace": "driver = <appium.webdriver.webdriver.WebDriver (session=\"0fc32f90-2dc3-4fc2-ab42-e3d21f28446e\")>\nfile_data = [{'balance': 2500, 'cycle': 'month', 'default': 'no', 'market': 'SCH', ...}, {'balance': 2500, 'cycle': 'month', 'default': 'no', 'market': 'SCH', ...}, {'balance': 2500, 'cycle': 'month', 'default': 'no', 'market': 'SCH', ...}]\napp_pages = <tests.conftest.app_pages.<locals>.Pages object at 0x00000216D8154D70>\n\n    @allure.feature(\"Тестирование тарифа UP\")\n    def test_smena_pr(driver, file_data, app_pages):\n        #:param row_indices: Индекс строки для запуска (начиная с 0).\n        row_indices = [0]\n        # row_indices=None запускаются все строки\n        # row_indices=[0] запуск одной строки, 0 эта первая строка теста\n        # row_indices=[1, 2] запуск нескольких строк\n        # row_indices=range(1, 4) запускается диапазон строк\n        \"\"\"\n        Тестирование тарифа UP\n        \"\"\"\n        if row_indices is not None:\n            # Запускаем только указанные строки по индексам\n            for index in row_indices:\n>               process_tariff_changes(driver, file_data[index], app_pages)\n\ntest_app_android\\project\\tests\\test.py:318: \n_ _ _ _ _ _ _ _ _ _ _ _ _ _ _ _ _ _ _ _ _ _ _ _ _ _ _ _ _ _ _ _ _ _ _ _ _ _ _ _ _ _ _ _ _ _ _ _ _ _ _ _ _ _ _ _ _ _ _ _ _ _ _ _ _ _ _ _ _ _ _ _ _ _ _ _ _ _ _ _ _ _ _ _ _ _ _ _ _ _ _ _ _ _ _ _ _ _ _ _ _ _ _ _ _ _ _ _ _ _ _ _ _ _\ntest_app_android\\project\\tests\\test.py:395: in process_tariff_changes\n    test_plan.test_go_main()\ntest_app_android\\project\\tests\\test.py:230: in test_go_main\n    self.app_pages.my_products.go_main()\ntest_app_android\\project\\pages\\myproducts_page.py:188: in go_main\n    self.my_products.go_main()\ntest_app_android\\project\\pages\\myproducts_page.py:29: in go_main\n    main = self.find_nearby_element(name = \"мои продукты\", class_name = \"android.view.View\", y_coordinate = 150, direction = \"above\")\ntest_app_android\\project\\pages\\base_app.py:389: in find_nearby_element\n    parent = self.get_element_by_text(name)\n_ _ _ _ _ _ _ _ _ _ _ _ _ _ _ _ _ _ _ _ _ _ _ _ _ _ _ _ _ _ _ _ _ _ _ _ _ _ _ _ _ _ _ _ _ _ _ _ _ _ _ _ _ _ _ _ _ _ _ _ _ _ _ _ _ _ _ _ _ _ _ _ _ _ _ _ _ _ _ _ _ _ _ _ _ _ _ _ _ _ _ _ _ _ _ _ _ _ _ _ _ _ _ _ _ _ _ _ _ _ _ _ _ _\n\nself = <test_app_android.project.pages.myproducts_page.MyProductsPage object at 0x00000216D8402A50>, text = 'мои продукты'\n\n    def get_element_by_text(self, text):\n        element = self.find_element(AppiumBy.ANDROID_UIAUTOMATOR, f'new UiSelector().text(\"{text}\")')\n        if element:\n            print(f'Элемент \"{text}\" найден.')\n            return element\n        else:\n            print(f'Элемент \"{text}\" не найден.')\n        print(f'Не найден элемент с текстом \"{text}\"')\n        allure.attach(f\"Попытка найти элемент с текстом: '{text}'\", name=\"Детали поиска\", attachment_type=allure.attachment_type.TEXT)\n        screenshot = self.driver.get_screenshot_as_png()\n        allure.attach(screenshot, name=\"Скриншот\", attachment_type=allure.attachment_type.PNG)\n>       raise NoSuchElementException(f'Элемент с текстом \"{text}\" не найден')\nE       selenium.common.exceptions.NoSuchElementException: Message: Элемент с текстом \"мои продукты\" не найден; For documentation on this error, please visit: https://www.selenium.dev/documentation/webdriver/troubleshooting/errors#no-such-element-exception\n\ntest_app_android\\project\\pages\\base_app.py:228: NoSuchElementException"}, "steps": [{"name": "Тест-кейс: смена тарифа \"Тариф UP\"", "status": "broken", "statusDetails": {"message": "selenium.common.exceptions.NoSuchElementException: Message: Элемент с текстом \"мои продукты\" не найден; For documentation on this error, please visit: https://www.selenium.dev/documentation/webdriver/troubleshooting/errors#no-such-element-exception\n\n", "trace": "  File \"C:\\Users\\verli\\IdeaProjects\\AppBee\\test_app_android\\project\\tests\\test.py\", line 395, in process_tariff_changes\n    test_plan.test_go_main()\n    ~~~~~~~~~~~~~~~~~~~~~~^^\n  File \"C:\\Users\\verli\\IdeaProjects\\AppBee\\test_app_android\\project\\tests\\test.py\", line 230, in test_go_main\n    self.app_pages.my_products.go_main()\n    ~~~~~~~~~~~~~~~~~~~~~~~~~~~~~~~~~~^^\n  File \"C:\\Users\\verli\\IdeaProjects\\AppBee\\test_app_android\\project\\pages\\myproducts_page.py\", line 188, in go_main\n    self.my_products.go_main()\n    ~~~~~~~~~~~~~~~~~~~~~~~~^^\n  File \"C:\\Users\\verli\\IdeaProjects\\AppBee\\test_app_android\\project\\pages\\myproducts_page.py\", line 29, in go_main\n    main = self.find_nearby_element(name = \"мои продукты\", class_name = \"android.view.View\", y_coordinate = 150, direction = \"above\")\n           ~~~~~~~~~~~~~~~~~~~~~~~~^^^^^^^^^^^^^^^^^^^^^^^^^^^^^^^^^^^^^^^^^^^^^^^^^^^^^^^^^^^^^^^^^^^^^^^^^^^^^^^^^^^^^^^^^^^^^^^^^^\n  File \"C:\\Users\\verli\\IdeaProjects\\AppBee\\test_app_android\\project\\pages\\base_app.py\", line 389, in find_nearby_element\n    parent = self.get_element_by_text(name)\n  File \"C:\\Users\\verli\\IdeaProjects\\AppBee\\test_app_android\\project\\pages\\base_app.py\", line 228, in get_element_by_text\n    raise NoSuchElementException(f'Элемент с текстом \"{text}\" не найден')\n"}, "steps": [{"name": "Ожидание изменения тарифа", "status": "passed", "attachments": [{"name": "screenshot", "source": "d2398c66-13d5-484f-822c-351707888d06-attachment.png", "type": "image/png"}], "start": 1737030580349, "stop": 1737030737837}, {"name": "Проверка стоимости тарифа", "status": "failed", "statusDetails": {"message": "AssertionError: Ошибка: неверное значение АП, должно:1400, получено: 550\n", "trace": "  File \"C:\\Users\\verli\\IdeaProjects\\AppBee\\test_app_android\\project\\pages\\myproducts_page.py\", line 55, in ap\n    assert result == number, f'Ошибка: неверное значение {name}, должно:{number}, получено: {result}'\n           ^^^^^^^^^^^^^^^^\n"}, "attachments": [{"name": "Значения цен", "source": "1979f4a9-b097-496e-b528-3f903ce54bf2-attachment.txt", "type": "text/plain"}, {"name": "Ошибка сравнения цен", "source": "471191ab-baa4-4e57-861a-700d6815de6d-attachment.txt", "type": "text/plain"}, {"name": "Скриншот", "source": "dc159e34-9eac-4a00-b911-2735ac8402ee-attachment.png", "type": "image/png"}], "start": 1737030737837, "stop": 1737030738745}, {"name": "Проверка начисленных гигабайт", "status": "failed", "statusDetails": {"message": "AssertionError: Ошибка: неверное значение ГБ,должно:70 из 70, получено: 15 из 15\n", "trace": "  File \"C:\\Users\\verli\\IdeaProjects\\AppBee\\test_app_android\\project\\pages\\myproducts_page.py\", line 78, in gb\n    assert result == number and result2 == number2, f'Ошибка: неверное значение {name},должно:{number} из {number2}, получено: {result} из {result2}'\n           ^^^^^^^^^^^^^^^^^^^^^^^^^^^^^^^^^^^^^^^\n"}, "attachments": [{"name": "Значения цен", "source": "df2ccfce-ee33-49ef-b848-ef8432bf3467-attachment.txt", "type": "text/plain"}, {"name": "Ошибка сравнения", "source": "18681311-5db9-4f72-89a4-2d827ae961f1-attachment.txt", "type": "text/plain"}, {"name": "Скриншот", "source": "610717e5-f537-424e-9b40-780a4a679ed9-attachment.png", "type": "image/png"}], "start": 1737030738747, "stop": 1737030740171}, {"name": "Проверка начисленных минут", "status": "broken", "statusDetails": {"message": "selenium.common.exceptions.NoSuchElementException: Message: Элемент с текстом \"мин\" не найден; For documentation on this error, please visit: https://www.selenium.dev/documentation/webdriver/troubleshooting/errors#no-such-element-exception\n\n", "trace": "  File \"C:\\Users\\verli\\IdeaProjects\\AppBee\\test_app_android\\project\\pages\\myproducts_page.py\", line 93, in min\n    result = self.find_text_part_element(text_part)\n  File \"C:\\Users\\verli\\IdeaProjects\\AppBee\\test_app_android\\project\\pages\\base_app.py\", line 444, in find_text_part_element\n    raise NoSuchElementException(f'Элемент с текстом \"{text_part}\" не найден')\n"}, "attachments": [{"name": "Детали поиска", "source": "6fec5e32-e0ea-45f2-adb2-f006d30130d4-attachment.txt", "type": "text/plain"}, {"name": "Скриншот", "source": "b5b4c9e7-7e9f-4e0f-b533-7eb45fa082b6-attachment.png", "type": "image/png"}], "start": 1737030740173, "stop": 1737030741230}, {"name": "Проверка названия тарифа \"Тариф UP\"", "status": "broken", "statusDetails": {"message": "selenium.common.exceptions.NoSuchElementException: Message: Элемент с текстом \"Тариф UP\" не найден; For documentation on this error, please visit: https://www.selenium.dev/documentation/webdriver/troubleshooting/errors#no-such-element-exception\n\n", "trace": "  File \"C:\\Users\\verli\\IdeaProjects\\AppBee\\test_app_android\\project\\pages\\myproducts_page.py\", line 130, in name\n    result = self.get_element_by_text(name).text\n             ~~~~~~~~~~~~~~~~~~~~~~~~^^^^^^\n  File \"C:\\Users\\verli\\IdeaProjects\\AppBee\\test_app_android\\project\\pages\\base_app.py\", line 228, in get_element_by_text\n    raise NoSuchElementException(f'Элемент с текстом \"{text}\" не найден')\n"}, "attachments": [{"name": "Детали поиска", "source": "4bf0b5c8-b6bf-4bc4-abcc-8d04c8de642d-attachment.txt", "type": "text/plain"}, {"name": "Скриншот", "source": "5923775f-23a8-45b0-9cbd-4afbbeb435e8-attachment.png", "type": "image/png"}], "start": 1737030741232, "stop": 1737030742228}, {"name": "Проверка даты следующего списания", "status": "passed", "attachments": [{"name": "Дата", "source": "2450b095-5755-42a3-b022-7ad2a9778594-attachment.txt", "type": "text/plain"}, {"name": "screenshot", "source": "4902b6b4-22e8-4d8f-88ec-261c44baa95d-attachment.png", "type": "image/png"}], "start": 1737030742229, "stop": 1737030742948}, {"name": "Переход на стартовую страницу", "status": "broken", "statusDetails": {"message": "selenium.common.exceptions.NoSuchElementException: Message: Элемент с текстом \"мои продукты\" не найден; For documentation on this error, please visit: https://www.selenium.dev/documentation/webdriver/troubleshooting/errors#no-such-element-exception\n\n", "trace": "  File \"C:\\Users\\verli\\IdeaProjects\\AppBee\\test_app_android\\project\\pages\\myproducts_page.py\", line 29, in go_main\n    main = self.find_nearby_element(name = \"мои продукты\", class_name = \"android.view.View\", y_coordinate = 150, direction = \"above\")\n           ~~~~~~~~~~~~~~~~~~~~~~~~^^^^^^^^^^^^^^^^^^^^^^^^^^^^^^^^^^^^^^^^^^^^^^^^^^^^^^^^^^^^^^^^^^^^^^^^^^^^^^^^^^^^^^^^^^^^^^^^^^\n  File \"C:\\Users\\verli\\IdeaProjects\\AppBee\\test_app_android\\project\\pages\\base_app.py\", line 389, in find_nearby_element\n    parent = self.get_element_by_text(name)\n  File \"C:\\Users\\verli\\IdeaProjects\\AppBee\\test_app_android\\project\\pages\\base_app.py\", line 228, in get_element_by_text\n    raise NoSuchElementException(f'Элемент с текстом \"{text}\" не найден')\n"}, "attachments": [{"name": "Детали поиска", "source": "184abc9a-c070-4c36-8e71-8243160c9847-attachment.txt", "type": "text/plain"}, {"name": "Скриншот", "source": "e335fb66-5a59-4226-850f-5664abc2b933-attachment.png", "type": "image/png"}], "start": 1737030742948, "stop": 1737030758649}], "attachments": [{"name": "Ошибка", "source": "96cde4c8-de7e-4aea-b616-1cd2e9e7b7e1-attachment.txt", "type": "text/plain"}, {"name": "Ошибка", "source": "9f311548-26f7-47c1-b9b8-d8802b24ff43-attachment.txt", "type": "text/plain"}, {"name": "Ошибка", "source": "65ec2f1e-8094-452c-84f5-30aed2cd48cb-attachment.txt", "type": "text/plain"}, {"name": "Ошибка", "source": "69de8fe8-3bd5-4e3d-afa5-64aa2142f026-attachment.txt", "type": "text/plain"}], "start": 1737030580349, "stop": 1737030758650}], "attachments": [{"name": "stdout", "source": "5ab99969-e4cc-4e69-b5ed-216f4f3f5b34-attachment.txt", "type": "text/plain"}], "start": 1737030580349, "stop": 1737030758652, "uuid": "6b93e0d2-acd1-4241-91eb-cc06d801be98", "historyId": "7e317dec957f8d84ca3cc6ce5c1ea4ff", "testCaseId": "7e317dec957f8d84ca3cc6ce5c1ea4ff", "fullName": "test_app_android.project.tests.test#test_smena_pr", "labels": [{"name": "feature", "value": "Тестирование тарифа UP"}, {"name": "parentSuite", "value": "test_app_android.project.tests"}, {"name": "suite", "value": "test"}, {"name": "host", "value": "DESKTOP-G72BB0H"}, {"name": "thread", "value": "15836-MainThread"}, {"name": "framework", "value": "pytest"}, {"name": "language", "value": "cpython3"}, {"name": "package", "value": "test_app_android.project.tests.test"}]}