{"name": "test_smena_pr", "status": "broken", "statusDetails": {"message": "selenium.common.exceptions.NoSuchElementException: Message: Элемент с текстом \"('-android uiautomator', 'new UiSelector().text(\"Что-то пошло не по плану\")')\" не найден; For documentation on this error, please visit: https://www.selenium.dev/documentation/webdriver/troubleshooting/errors#no-such-element-exception", "trace": "self = <test_app_android.project.pages.tariff_up_page.TariffUpPage object at 0x0000012AC05023C0>, locator_type = '-android uiautomator', locator = 'new UiSelector().text(\"Что-то пошло не по плану\")'\n\n    def find_element(self, locator_type, locator):\n        try:\n            # Попытка найти элемент\n>           return self.driver.find_element(locator_type, locator)\n\ntest_app_android\\project\\pages\\base_app.py:21: \n_ _ _ _ _ _ _ _ _ _ _ _ _ _ _ _ _ _ _ _ _ _ _ _ _ _ _ _ _ _ _ _ _ _ _ _ _ _ _ _ _ _ _ _ _ _ _ _ _ _ _ _ _ _ _ _ _ _ _ _ _ _ _ _ _ _ _ _ _ _ _ _ _ _ _ _ _ _ _ _ _ _ _ _ _ _ _ _ _ _ _ _ _ _ _ _ _ _ _ _ _ _ _ _ _ _ _ _ _ _ _ _ _ _\n..\\BeelineQA\\venv\\Lib\\site-packages\\selenium\\webdriver\\remote\\webdriver.py:770: in find_element\n    return self.execute(Command.FIND_ELEMENT, {\"using\": by, \"value\": value})[\"value\"]\n..\\BeelineQA\\venv\\Lib\\site-packages\\selenium\\webdriver\\remote\\webdriver.py:384: in execute\n    self.error_handler.check_response(response)\n_ _ _ _ _ _ _ _ _ _ _ _ _ _ _ _ _ _ _ _ _ _ _ _ _ _ _ _ _ _ _ _ _ _ _ _ _ _ _ _ _ _ _ _ _ _ _ _ _ _ _ _ _ _ _ _ _ _ _ _ _ _ _ _ _ _ _ _ _ _ _ _ _ _ _ _ _ _ _ _ _ _ _ _ _ _ _ _ _ _ _ _ _ _ _ _ _ _ _ _ _ _ _ _ _ _ _ _ _ _ _ _ _ _\n\nself = <appium.webdriver.errorhandler.MobileErrorHandler object at 0x0000012AC0503230>\nresponse = {'status': 404, 'value': '{\"value\":{\"error\":\"no such element\",\"message\":\"An element could not be located on the page u...ode_modules\\\\\\\\appium\\\\\\\\node_modules\\\\\\\\@appium\\\\\\\\base-driver\\\\\\\\lib\\\\\\\\basedriver\\\\\\\\commands\\\\\\\\find.ts:75:12)\"}}'}\n\n    def check_response(self, response: Dict[str, Any]) -> None:\n        \"\"\"\n        https://www.w3.org/TR/webdriver/#errors\n        \"\"\"\n        payload = response.get('value', '')\n        if isinstance(payload, dict):\n            payload_dict = payload\n        else:\n            try:\n                payload_dict = json.loads(payload)\n            except (json.JSONDecodeError, TypeError):\n                return\n            if not isinstance(payload_dict, dict):\n                return\n        value = payload_dict.get('value')\n        if not isinstance(value, dict):\n            return\n        error = value.get('error')\n        if not error:\n            return\n    \n        message = value.get('message', error)\n        stacktrace = value.get('stacktrace', '')\n        # In theory, we should also be checking HTTP status codes.\n        # Java client, for example, prints a warning if the actual `error`\n        # value does not match to the response's HTTP status code.\n        exception_class: Type[sel_exceptions.WebDriverException] = ERROR_TO_EXC_MAPPING.get(\n            error, sel_exceptions.WebDriverException\n        )\n        if exception_class is sel_exceptions.WebDriverException and message:\n            if message == 'No such context found.':\n                exception_class = appium_exceptions.NoSuchContextException\n            elif message == 'That command could not be executed in the current context.':\n                exception_class = appium_exceptions.InvalidSwitchToTargetException\n    \n        if exception_class is sel_exceptions.UnexpectedAlertPresentException:\n            raise sel_exceptions.UnexpectedAlertPresentException(\n                msg=message,\n                stacktrace=format_stacktrace(stacktrace),\n                alert_text=value.get('data'),\n            )\n>       raise exception_class(msg=message, stacktrace=format_stacktrace(stacktrace))\nE       selenium.common.exceptions.NoSuchElementException: Message: An element could not be located on the page using the given search parameters.; For documentation on this error, please visit: https://www.selenium.dev/documentation/webdriver/troubleshooting/errors#no-such-element-exception\nE       Stacktrace:\nE       NoSuchElementError: An element could not be located on the page using the given search parameters.\nE           at AndroidUiautomator2Driver.findElOrEls (C:\\Users\\verli\\.appium\\node_modules\\appium-uiautomator2-driver\\node_modules\\appium-android-driver\\lib\\commands\\find.ts:86:11)\nE           at processTicksAndRejections (node:internal/process/task_queues:105:5)\nE           at AndroidUiautomator2Driver.findElOrElsWithProcessing (C:\\Users\\verli\\AppData\\Roaming\\npm\\node_modules\\appium\\node_modules\\@appium\\base-driver\\lib\\basedriver\\commands\\find.ts:60:12)\nE           at AndroidUiautomator2Driver.findElement (C:\\Users\\verli\\AppData\\Roaming\\npm\\node_modules\\appium\\node_modules\\@appium\\base-driver\\lib\\basedriver\\commands\\find.ts:75:12)\n\n..\\BeelineQA\\venv\\Lib\\site-packages\\appium\\webdriver\\errorhandler.py:125: NoSuchElementException\n\nDuring handling of the above exception, another exception occurred:\n\ndriver = <appium.webdriver.webdriver.WebDriver (session=\"7b207d2e-c37d-416d-b834-7184444d6f68\")>\nfile_data = [{'balance': 2500, 'cycle': 'month', 'default': 'no', 'market': 'SCH', ...}, {'balance': 2500, 'cycle': 'month', 'default': 'no', 'market': 'SCH', ...}, {'balance': 2500, 'cycle': 'month', 'default': 'no', 'market': 'SCH', ...}]\napp_pages = <test_app_android.project.tests.conftest.app_pages.<locals>.Pages object at 0x0000012AC0268C20>\n\n    @allure.feature(\"Тестирование тарифа UP\")\n    def test_smena_pr(driver, file_data, app_pages):\n        #:param row_indices: Индекс строки для запуска (начиная с 0).\n        row_indices = (0, 2)\n        # row_indices=None запускаются все строки\n        # row_indices=[0] запуск одной строки, 0 эта первая строка теста\n        # row_indices=[1, 2] запуск нескольких строк\n        # row_indices=range(1, 4) запускается диапазон строк\n        \"\"\"\n        Тестирование тарифа UP\n        \"\"\"\n        if row_indices is not None:\n            # Запускаем только указанные строки по индексам\n            for index in row_indices:\n>               process_tariff_changes(driver, file_data[index], app_pages)\n\ntest_app_android\\project\\tests\\test.py:328: \n_ _ _ _ _ _ _ _ _ _ _ _ _ _ _ _ _ _ _ _ _ _ _ _ _ _ _ _ _ _ _ _ _ _ _ _ _ _ _ _ _ _ _ _ _ _ _ _ _ _ _ _ _ _ _ _ _ _ _ _ _ _ _ _ _ _ _ _ _ _ _ _ _ _ _ _ _ _ _ _ _ _ _ _ _ _ _ _ _ _ _ _ _ _ _ _ _ _ _ _ _ _ _ _ _ _ _ _ _ _ _ _ _ _\ntest_app_android\\project\\tests\\test.py:350: in process_tariff_changes\n    test_plan.test_wait_tariff_up(app_pages)\ntest_app_android\\project\\tests\\test.py:99: in test_wait_tariff_up\n    self.app_pages.tariff_up.wait_page(self.name_tp)\ntest_app_android\\project\\pages\\tariff_up_page.py:107: in wait_page\n    self.up.wait_page_up(name)\ntest_app_android\\project\\pages\\tariff_up_page.py:13: in wait_page_up\n    tariff_up = self.wait_page(name)\ntest_app_android\\project\\pages\\base_app.py:626: in wait_page\n    error_text = self.find_element(AppiumBy.ANDROID_UIAUTOMATOR, 'new UiSelector().text(\"Что-то пошло не по плану\")')\n_ _ _ _ _ _ _ _ _ _ _ _ _ _ _ _ _ _ _ _ _ _ _ _ _ _ _ _ _ _ _ _ _ _ _ _ _ _ _ _ _ _ _ _ _ _ _ _ _ _ _ _ _ _ _ _ _ _ _ _ _ _ _ _ _ _ _ _ _ _ _ _ _ _ _ _ _ _ _ _ _ _ _ _ _ _ _ _ _ _ _ _ _ _ _ _ _ _ _ _ _ _ _ _ _ _ _ _ _ _ _ _ _ _\n\nself = <test_app_android.project.pages.tariff_up_page.TariffUpPage object at 0x0000012AC05023C0>, locator_type = '-android uiautomator', locator = 'new UiSelector().text(\"Что-то пошло не по плану\")'\n\n    def find_element(self, locator_type, locator):\n        try:\n            # Попытка найти элемент\n            return self.driver.find_element(locator_type, locator)\n        except Exception as e:\n            # Обработка исключения, если элемент не найден\n            print(f\"Ошибка: Элемент с локатором ({locator_type}, {locator}) не найден.\")\n            print(f'Не найден элемент с текстом \"{locator_type, locator}\"')\n            allure.attach(f\"Попытка найти элемент с текстом: '{locator_type, locator}'\", name=\"Детали поиска\", attachment_type=allure.attachment_type.TEXT)\n            screenshot = self.driver.get_screenshot_as_png()\n            allure.attach(screenshot, name=\"Скриншот\", attachment_type=allure.attachment_type.PNG)\n>           raise NoSuchElementException(f'Элемент с текстом \"{locator_type, locator}\" не найден')\nE           selenium.common.exceptions.NoSuchElementException: Message: Элемент с текстом \"('-android uiautomator', 'new UiSelector().text(\"Что-то пошло не по плану\")')\" не найден; For documentation on this error, please visit: https://www.selenium.dev/documentation/webdriver/troubleshooting/errors#no-such-element-exception\n\ntest_app_android\\project\\pages\\base_app.py:29: NoSuchElementException"}, "steps": [{"name": "Тест-кейс: смена тарифа \"Тариф UP\"", "status": "broken", "statusDetails": {"message": "selenium.common.exceptions.NoSuchElementException: Message: Элемент с текстом \"('-android uiautomator', 'new UiSelector().text(\"Что-то пошло не по плану\")')\" не найден; For documentation on this error, please visit: https://www.selenium.dev/documentation/webdriver/troubleshooting/errors#no-such-element-exception\n\n", "trace": "  File \"C:\\Users\\verli\\IdeaProjects\\AppBee\\test_app_android\\project\\tests\\test.py\", line 350, in process_tariff_changes\n    test_plan.test_wait_tariff_up(app_pages)\n    ~~~~~~~~~~~~~~~~~~~~~~~~~~~~~^^^^^^^^^^^\n  File \"C:\\Users\\verli\\IdeaProjects\\AppBee\\test_app_android\\project\\tests\\test.py\", line 99, in test_wait_tariff_up\n    self.app_pages.tariff_up.wait_page(self.name_tp)\n    ~~~~~~~~~~~~~~~~~~~~~~~~~~~~~~~~~~^^^^^^^^^^^^^^\n  File \"C:\\Users\\verli\\IdeaProjects\\AppBee\\test_app_android\\project\\pages\\tariff_up_page.py\", line 107, in wait_page\n    self.up.wait_page_up(name)\n    ~~~~~~~~~~~~~~~~~~~~^^^^^^\n  File \"C:\\Users\\verli\\IdeaProjects\\AppBee\\test_app_android\\project\\pages\\tariff_up_page.py\", line 13, in wait_page_up\n    tariff_up = self.wait_page(name)\n  File \"C:\\Users\\verli\\IdeaProjects\\AppBee\\test_app_android\\project\\pages\\base_app.py\", line 626, in wait_page\n    error_text = self.find_element(AppiumBy.ANDROID_UIAUTOMATOR, 'new UiSelector().text(\"Что-то пошло не по плану\")')\n                 ~~~~~~~~~~~~~~~~~^^^^^^^^^^^^^^^^^^^^^^^^^^^^^^^^^^^^^^^^^^^^^^^^^^^^^^^^^^^^^^^^^^^^^^^^^^^^^^^^^^^\n  File \"C:\\Users\\verli\\IdeaProjects\\AppBee\\test_app_android\\project\\pages\\base_app.py\", line 29, in find_element\n    raise NoSuchElementException(f'Элемент с текстом \"{locator_type, locator}\" не найден')\n"}, "steps": [{"name": "Переход в каталог тарифов", "status": "passed", "steps": [{"name": "Клик по кнопке \"сменить тариф\"", "status": "passed", "start": 1737039442552, "stop": 1737039444751}], "start": 1737039442552, "stop": 1737039444751}, {"name": "Поиск и выбор тарифа \"Тариф UP\"", "status": "passed", "start": 1737039444751, "stop": 1737039445579}, {"name": "Ожидание загрузки страницы \"тариф up\"", "status": "broken", "statusDetails": {"message": "selenium.common.exceptions.NoSuchElementException: Message: Элемент с текстом \"('-android uiautomator', 'new UiSelector().text(\"Что-то пошло не по плану\")')\" не найден; For documentation on this error, please visit: https://www.selenium.dev/documentation/webdriver/troubleshooting/errors#no-such-element-exception\n\n", "trace": "  File \"C:\\Users\\verli\\IdeaProjects\\AppBee\\test_app_android\\project\\pages\\tariff_up_page.py\", line 13, in wait_page_up\n    tariff_up = self.wait_page(name)\n  File \"C:\\Users\\verli\\IdeaProjects\\AppBee\\test_app_android\\project\\pages\\base_app.py\", line 626, in wait_page\n    error_text = self.find_element(AppiumBy.ANDROID_UIAUTOMATOR, 'new UiSelector().text(\"Что-то пошло не по плану\")')\n                 ~~~~~~~~~~~~~~~~~^^^^^^^^^^^^^^^^^^^^^^^^^^^^^^^^^^^^^^^^^^^^^^^^^^^^^^^^^^^^^^^^^^^^^^^^^^^^^^^^^^^\n  File \"C:\\Users\\verli\\IdeaProjects\\AppBee\\test_app_android\\project\\pages\\base_app.py\", line 29, in find_element\n    raise NoSuchElementException(f'Элемент с текстом \"{locator_type, locator}\" не найден')\n"}, "attachments": [{"name": "Детали поиска", "source": "d07c46ac-756e-4c57-b62c-c9437c94d0ba-attachment.txt", "type": "text/plain"}, {"name": "Скриншот", "source": "e9f37215-797a-459b-bd68-7eaf1ae1cd77-attachment.png", "type": "image/png"}], "start": 1737039445579, "stop": 1737039446235}], "start": 1737039441683, "stop": 1737039446238}], "attachments": [{"name": "stdout", "source": "471fff61-2c46-469e-956b-9990460c4b55-attachment.txt", "type": "text/plain"}], "start": 1737039441683, "stop": 1737039446241, "uuid": "9d3eb3b4-b21d-4737-8091-0b89123b0614", "historyId": "7e317dec957f8d84ca3cc6ce5c1ea4ff", "testCaseId": "7e317dec957f8d84ca3cc6ce5c1ea4ff", "fullName": "test_app_android.project.tests.test#test_smena_pr", "labels": [{"name": "feature", "value": "Тестирование тарифа UP"}, {"name": "parentSuite", "value": "test_app_android.project.tests"}, {"name": "suite", "value": "test"}, {"name": "host", "value": "DESKTOP-G72BB0H"}, {"name": "thread", "value": "12692-MainThread"}, {"name": "framework", "value": "pytest"}, {"name": "language", "value": "cpython3"}, {"name": "package", "value": "test_app_android.project.tests.test"}]}