{"name": "test_smena_pr", "status": "failed", "statusDetails": {"message": "AssertionError: Ошибка: кнопка \"Продолжить\" не найдена", "trace": "driver = <appium.webdriver.webdriver.WebDriver (session=\"480deaf8-118c-4f4d-b335-c4af491671ba\")>, file_data = [{'balance': 2000, 'default': 'no', 'market': 'SCH', 'new_gb_soc': nan, ...}]\napp_pages = <tests.conftest.app_pages.<locals>.Pages object at 0x000002A7B50AA3C0>\n\n    @allure.feature(\"Тестирование тарифа UP\")\n    def test_smena_pr(driver, file_data, app_pages):\n        \"\"\"\n        Запускает тесты на основе данных из файла.\n        \"\"\"\n        # for row in file_data:\n        #     execute_scenario(driver, row, app_pages)\n    \n        for row in file_data:\n>           process_tariff_changes(driver, row, app_pages)\n\ntest_app_android\\project\\tests\\test.py:241: \n_ _ _ _ _ _ _ _ _ _ _ _ _ _ _ _ _ _ _ _ _ _ _ _ _ _ _ _ _ _ _ _ _ _ _ _ _ _ _ _ _ _ _ _ _ _ _ _ _ _ _ _ _ _ _ _ _ _ _ _ _ _ _ _ _ _ _ _ _ _ _ _ _ _ _ _ _ _ _ _ _ _ _ _ _ _ _ _ _ _ _ _ _ _ _ _ _ _ _ _ _ _ _ _ _ _ _ _ _ _ _ _ _ _\ntest_app_android\\project\\tests\\test.py:287: in process_tariff_changes\n    test_plan.test_tariff_price()\ntest_app_android\\project\\tests\\test.py:116: in test_tariff_price\n    self.app_pages.tariff_up.button_next_click()\ntest_app_android\\project\\pages\\tariff_up_page.py:124: in button_next_click\n    self.up.button_next_click()\ntest_app_android\\project\\pages\\tariff_up_page.py:94: in button_next_click\n    self.button_click(name)\n_ _ _ _ _ _ _ _ _ _ _ _ _ _ _ _ _ _ _ _ _ _ _ _ _ _ _ _ _ _ _ _ _ _ _ _ _ _ _ _ _ _ _ _ _ _ _ _ _ _ _ _ _ _ _ _ _ _ _ _ _ _ _ _ _ _ _ _ _ _ _ _ _ _ _ _ _ _ _ _ _ _ _ _ _ _ _ _ _ _ _ _ _ _ _ _ _ _ _ _ _ _ _ _ _ _ _ _ _ _ _ _ _ _\n\nself = <test_app_android.project.pages.tariff_up_page.TariffUpPage object at 0x000002A7B5422900>, name = 'Продолжить'\n\n    def button_click(self, name):   #Клик по кнопке оплатить\n       with allure.step(f'Клик по кнопке \"{name}\"'):\n            try:\n                button = self.wait_for_element(AppiumBy.ANDROID_UIAUTOMATOR,f'new UiSelector().text(\"{name}\")')\n>               assert button, f'Ошибка: кнопка \"{name}\" не найдена'\nE               AssertionError: Ошибка: кнопка \"Продолжить\" не найдена\n\ntest_app_android\\project\\pages\\base_app.py:389: AssertionError"}, "description": "\nЗапускает тесты на основе данных из файла.\n", "steps": [{"name": "Переход в карточку тарифа", "status": "passed", "steps": [{"name": "Клик по кнопке \"настройки тарифа\"", "status": "passed", "start": 1735287372329, "stop": 1735287373590}], "start": 1735287372329, "stop": 1735287373590}, {"name": "Ожидание загрузки страницы \"тариф up\"", "status": "passed", "start": 1735287373590, "stop": 1735287377451}, {"name": "Выбираем ГБ \"100\"", "status": "passed", "attachments": [{"name": "screenshot", "source": "0a07c940-b9f6-4db2-bb9b-3c84e537598e-attachment.png", "type": "image/png"}], "start": 1735287377451, "stop": 1735287379797}, {"name": "Выбираем МИН \"2000\"", "status": "passed", "attachments": [{"name": "screenshot", "source": "f310a335-11b7-4798-a925-9da8ae2daa15-attachment.png", "type": "image/png"}], "start": 1735287379797, "stop": 1735287383080}, {"name": "Скролл страницы вниз", "status": "passed", "start": 1735287383081, "stop": 1735287384201}, {"name": "Клик по тогглу \"100 SMS\"", "status": "passed", "start": 1735287384201, "stop": 1735287386895}, {"name": "Проверяем стоимость \"100 SMS\"", "status": "broken", "statusDetails": {"message": "AttributeError: 'NoneType' object has no attribute 'get_attribute'\n", "trace": "  File \"C:\\Users\\verli\\IdeaProjects\\AppBee\\test_app_android\\project\\pages\\tariff_up_page.py\", line 47, in dtm_price\n    ap_dtm = self.child_element_ap(name, text_part)\n  File \"C:\\Users\\verli\\IdeaProjects\\AppBee\\test_app_android\\project\\pages\\base_app.py\", line 464, in child_element_ap\n    parent_element = self.find_parent_element_by_child(child_element)\n  File \"C:\\Users\\verli\\IdeaProjects\\AppBee\\test_app_android\\project\\pages\\base_app.py\", line 111, in find_parent_element_by_child\n    child_bounds_str = child_element.get_attribute(\"bounds\")\n                       ^^^^^^^^^^^^^^^^^^^^^^^^^^^\n"}, "start": 1735287386895, "stop": 1735287386949}, {"name": "Проверяем стоимости на кнопке \"Продолжить\"", "status": "failed", "statusDetails": {"message": "AssertionError: Ошибка: неверное значение Продолжить,должно:540, получено: None\n", "trace": "  File \"C:\\Users\\verli\\IdeaProjects\\AppBee\\test_app_android\\project\\pages\\tariff_up_page.py\", line 76, in check_button_price\n    assert ap == price, f'Ошибка: неверное значение {name},должно:{price}, получено: {ap}'\n           ^^^^^^^^^^^\n"}, "attachments": [{"name": "Значения цен", "source": "23508641-e84a-4ddc-8d87-72a0c005b63e-attachment.txt", "type": "text/plain"}, {"name": "Ошибка сравнения цен", "source": "f43655d7-9b0b-42fc-a8d4-d5ecae1801d8-attachment.txt", "type": "text/plain"}, {"name": "Скриншот", "source": "c5430782-2d3c-4f3e-974c-5b829ae416cf-attachment.png", "type": "image/png"}], "start": 1735287386953, "stop": 1735287388903}, {"name": "Клик по кнопке \"Продолжить\"", "status": "failed", "statusDetails": {"message": "AssertionError: Ошибка: кнопка \"Продолжить\" не найдена\n", "trace": "  File \"C:\\Users\\verli\\IdeaProjects\\AppBee\\test_app_android\\project\\pages\\tariff_up_page.py\", line 94, in button_next_click\n    self.button_click(name)\n    ~~~~~~~~~~~~~~~~~^^^^^^\n  File \"C:\\Users\\verli\\IdeaProjects\\AppBee\\test_app_android\\project\\pages\\base_app.py\", line 389, in button_click\n    assert button, f'Ошибка: кнопка \"{name}\" не найдена'\n           ^^^^^^\n"}, "steps": [{"name": "Клик по кнопке \"Продолжить\"", "status": "failed", "statusDetails": {"message": "AssertionError: Ошибка: кнопка \"Продолжить\" не найдена\n", "trace": "  File \"C:\\Users\\verli\\IdeaProjects\\AppBee\\test_app_android\\project\\pages\\base_app.py\", line 389, in button_click\n    assert button, f'Ошибка: кнопка \"{name}\" не найдена'\n           ^^^^^^\n"}, "attachments": [{"name": "Ошибка сравнения цен", "source": "a7b29280-0cea-4c99-bb7c-8499a82ba143-attachment.txt", "type": "text/plain"}, {"name": "Скриншот", "source": "8996f77e-e97b-4b41-b88c-efbdde0aeadf-attachment.png", "type": "image/png"}], "start": 1735287388905, "stop": 1735287405521}], "start": 1735287388905, "stop": 1735287405521}], "attachments": [{"name": "Ошибка", "source": "98d63bb1-1630-4ade-80b1-6f570cb2db3d-attachment.txt", "type": "text/plain"}, {"name": "Ошибка", "source": "5b965708-6319-4b66-ba16-8bdd6d0a030b-attachment.txt", "type": "text/plain"}, {"name": "stdout", "source": "bc5c833b-b1c0-4f8f-b7b9-26c27ce14208-attachment.txt", "type": "text/plain"}], "start": 1735287371006, "stop": 1735287405522, "uuid": "73d92d4a-d41d-4684-bfce-c12915e337de", "historyId": "7e317dec957f8d84ca3cc6ce5c1ea4ff", "testCaseId": "7e317dec957f8d84ca3cc6ce5c1ea4ff", "fullName": "test_app_android.project.tests.test#test_smena_pr", "labels": [{"name": "feature", "value": "Тестирование тарифа UP"}, {"name": "parentSuite", "value": "test_app_android.project.tests"}, {"name": "suite", "value": "test"}, {"name": "host", "value": "DESKTOP-G72BB0H"}, {"name": "thread", "value": "8368-MainThread"}, {"name": "framework", "value": "pytest"}, {"name": "language", "value": "cpython3"}, {"name": "package", "value": "test_app_android.project.tests.test"}]}