{"name": "test_smena_pr", "status": "failed", "statusDetails": {"message": "AssertionError: Ошибка: кнопка \"Продолжить\" не найдена", "trace": "driver = <appium.webdriver.webdriver.WebDriver (session=\"78e160ba-e03e-44f9-9ca8-ee4f594940b3\")>, file_data = [{'balance': 2500, 'cycle': 'day', 'default': 'no', 'market': 'SCH', ...}]\napp_pages = <tests.conftest.app_pages.<locals>.Pages object at 0x000002363F088C20>\n\n    @allure.feature(\"Тестирование тарифа UP\")\n    def test_smena_pr(driver, file_data, app_pages):\n        \"\"\"\n        Запускает тесты на основе данных из файла.\n        \"\"\"\n        # for row in file_data:\n        #     execute_scenario(driver, row, app_pages)\n    \n        for row in file_data:\n>           process_tariff_changes(driver, row, app_pages)\n\ntest_app_android\\project\\tests\\test.py:316: \n_ _ _ _ _ _ _ _ _ _ _ _ _ _ _ _ _ _ _ _ _ _ _ _ _ _ _ _ _ _ _ _ _ _ _ _ _ _ _ _ _ _ _ _ _ _ _ _ _ _ _ _ _ _ _ _ _ _ _ _ _ _ _ _ _ _ _ _ _ _ _ _ _ _ _ _ _ _ _ _ _ _ _ _ _ _ _ _ _ _ _ _ _ _ _ _ _ _ _ _ _ _ _ _ _ _ _ _ _ _ _ _ _ _\ntest_app_android\\project\\tests\\test.py:415: in process_tariff_changes\n    test_plan.test_tariff_price(name = 'Продолжить')\ntest_app_android\\project\\tests\\test.py:128: in test_tariff_price\n    self.app_pages.tariff_up.button_next_click(name)\ntest_app_android\\project\\pages\\tariff_up_page.py:124: in button_next_click\n    self.up.button_next_click(name)\ntest_app_android\\project\\pages\\tariff_up_page.py:94: in button_next_click\n    self.button_click(name)\n_ _ _ _ _ _ _ _ _ _ _ _ _ _ _ _ _ _ _ _ _ _ _ _ _ _ _ _ _ _ _ _ _ _ _ _ _ _ _ _ _ _ _ _ _ _ _ _ _ _ _ _ _ _ _ _ _ _ _ _ _ _ _ _ _ _ _ _ _ _ _ _ _ _ _ _ _ _ _ _ _ _ _ _ _ _ _ _ _ _ _ _ _ _ _ _ _ _ _ _ _ _ _ _ _ _ _ _ _ _ _ _ _ _\n\nself = <test_app_android.project.pages.tariff_up_page.TariffUpPage object at 0x000002363F31E3C0>, name = 'Продолжить'\n\n    def button_click(self, name):   #Клик по кнопке оплатить\n       with allure.step(f'Клик по кнопке \"{name}\"'):\n            try:\n                button = self.wait_for_element(AppiumBy.ANDROID_UIAUTOMATOR,f'new UiSelector().text(\"{name}\")')\n>               assert button, f'Ошибка: кнопка \"{name}\" не найдена'\nE               AssertionError: Ошибка: кнопка \"Продолжить\" не найдена\n\ntest_app_android\\project\\pages\\base_app.py:412: AssertionError"}, "description": "\nЗапускает тесты на основе данных из файла.\n", "steps": [{"name": "Тест-кейс: смена пресета \"Тариф UP\"", "status": "failed", "statusDetails": {"message": "AssertionError: Ошибка: кнопка \"Продолжить\" не найдена\n", "trace": "  File \"C:\\Users\\verli\\IdeaProjects\\AppBee\\test_app_android\\project\\tests\\test.py\", line 415, in process_tariff_changes\n    test_plan.test_tariff_price(name = 'Продолжить')\n    ~~~~~~~~~~~~~~~~~~~~~~~~~~~^^^^^^^^^^^^^^^^^^^^^\n  File \"C:\\Users\\verli\\IdeaProjects\\AppBee\\test_app_android\\project\\tests\\test.py\", line 128, in test_tariff_price\n    self.app_pages.tariff_up.button_next_click(name)\n    ~~~~~~~~~~~~~~~~~~~~~~~~~~~~~~~~~~~~~~~~~~^^^^^^\n  File \"C:\\Users\\verli\\IdeaProjects\\AppBee\\test_app_android\\project\\pages\\tariff_up_page.py\", line 124, in button_next_click\n    self.up.button_next_click(name)\n    ~~~~~~~~~~~~~~~~~~~~~~~~~^^^^^^\n  File \"C:\\Users\\verli\\IdeaProjects\\AppBee\\test_app_android\\project\\pages\\tariff_up_page.py\", line 94, in button_next_click\n    self.button_click(name)\n    ~~~~~~~~~~~~~~~~~^^^^^^\n  File \"C:\\Users\\verli\\IdeaProjects\\AppBee\\test_app_android\\project\\pages\\base_app.py\", line 412, in button_click\n    assert button, f'Ошибка: кнопка \"{name}\" не найдена'\n           ^^^^^^\n"}, "steps": [{"name": "Переход в карточку тарифа", "status": "passed", "steps": [{"name": "Клик по кнопке \"настройки тарифа\"", "status": "passed", "start": 1736854963219, "stop": 1736854964669}], "start": 1736854963218, "stop": 1736854964669}, {"name": "Ожидание загрузки страницы \"тариф up\"", "status": "passed", "start": 1736854964669, "stop": 1736854968024}, {"name": "Выбираем ГБ \"70\"", "status": "passed", "attachments": [{"name": "screenshot", "source": "038f91bd-f894-4dd2-9225-233f4e3c1d96-attachment.png", "type": "image/png"}], "start": 1736854968024, "stop": 1736854971853}, {"name": "Выбираем МИН \"800\"", "status": "passed", "attachments": [{"name": "screenshot", "source": "0634f855-3e23-4b41-8c2b-07c6914a14b9-attachment.png", "type": "image/png"}], "start": 1736854971853, "stop": 1736854973238}, {"name": "Скролл страницы вниз", "status": "passed", "start": 1736854973238, "stop": 1736854975354}, {"name": "Проверяем стоимость \"Сервисы Яндекс\"", "status": "passed", "attachments": [{"name": "Значения цен", "source": "997aadb6-a2d6-4530-b70b-ad2fbafe42c3-attachment.txt", "type": "text/plain"}], "start": 1736854975354, "stop": 1736854977738}, {"name": "Проверяем стоимости на кнопке \"Продолжить\"", "status": "failed", "statusDetails": {"message": "AssertionError: Ошибка: неверное значение Продолжить,должно:1239, получено: None\n", "trace": "  File \"C:\\Users\\verli\\IdeaProjects\\AppBee\\test_app_android\\project\\pages\\tariff_up_page.py\", line 77, in check_button_price\n    assert ap == price, f'Ошибка: неверное значение {name},должно:{price}, получено: {ap}'\n           ^^^^^^^^^^^\n"}, "attachments": [{"name": "Значения цен", "source": "68ec36d8-c237-4131-9bab-39ff0114e9d0-attachment.txt", "type": "text/plain"}, {"name": "Ошибка сравнения цен", "source": "bf7261b6-270d-4f2c-b256-d69d62caa495-attachment.txt", "type": "text/plain"}, {"name": "Скриншот", "source": "b3571225-0861-4cde-abfc-5c9dd58d6f07-attachment.png", "type": "image/png"}], "start": 1736854977738, "stop": 1736854978329}, {"name": "Клик по кнопке \"Продолжить\"", "status": "failed", "statusDetails": {"message": "AssertionError: Ошибка: кнопка \"Продолжить\" не найдена\n", "trace": "  File \"C:\\Users\\verli\\IdeaProjects\\AppBee\\test_app_android\\project\\pages\\tariff_up_page.py\", line 94, in button_next_click\n    self.button_click(name)\n    ~~~~~~~~~~~~~~~~~^^^^^^\n  File \"C:\\Users\\verli\\IdeaProjects\\AppBee\\test_app_android\\project\\pages\\base_app.py\", line 412, in button_click\n    assert button, f'Ошибка: кнопка \"{name}\" не найдена'\n           ^^^^^^\n"}, "steps": [{"name": "Клик по кнопке \"Продолжить\"", "status": "failed", "statusDetails": {"message": "AssertionError: Ошибка: кнопка \"Продолжить\" не найдена\n", "trace": "  File \"C:\\Users\\verli\\IdeaProjects\\AppBee\\test_app_android\\project\\pages\\base_app.py\", line 412, in button_click\n    assert button, f'Ошибка: кнопка \"{name}\" не найдена'\n           ^^^^^^\n"}, "attachments": [{"name": "Ошибка сравнения цен", "source": "50ed1402-00e0-48f9-abee-b7b1f4a7c2f2-attachment.txt", "type": "text/plain"}, {"name": "Скриншот", "source": "0a16263b-4897-41e9-ad38-6ae2f878dd0a-attachment.png", "type": "image/png"}], "start": 1736854978332, "stop": 1736854994137}], "start": 1736854978332, "stop": 1736854994138}], "attachments": [{"name": "Ошибка", "source": "d4c92d94-7897-4c84-864d-6b4ba590d905-attachment.txt", "type": "text/plain"}], "start": 1736854962536, "stop": 1736854994138}], "attachments": [{"name": "stdout", "source": "1d61b055-0e3a-49ec-8365-f7ecea3c60f5-attachment.txt", "type": "text/plain"}], "start": 1736854962535, "stop": 1736854994140, "uuid": "45502637-54e5-41ae-b50d-1411d6e2f8de", "historyId": "7e317dec957f8d84ca3cc6ce5c1ea4ff", "testCaseId": "7e317dec957f8d84ca3cc6ce5c1ea4ff", "fullName": "test_app_android.project.tests.test#test_smena_pr", "labels": [{"name": "feature", "value": "Тестирование тарифа UP"}, {"name": "parentSuite", "value": "test_app_android.project.tests"}, {"name": "suite", "value": "test"}, {"name": "host", "value": "DESKTOP-G72BB0H"}, {"name": "thread", "value": "2652-MainThread"}, {"name": "framework", "value": "pytest"}, {"name": "language", "value": "cpython3"}, {"name": "package", "value": "test_app_android.project.tests.test"}]}