{"name": "test_smena_pr", "status": "failed", "statusDetails": {"message": "AssertionError: Ошибка: кнопка \"Сохранить\" не найдена", "trace": "driver = <appium.webdriver.webdriver.WebDriver (session=\"098df884-f23e-4cc4-b57a-72a8d769d7aa\")>, file_data = [{'balance': 2500, 'cycle': 'day', 'default': 'no', 'market': 'SCH', ...}]\napp_pages = <tests.conftest.app_pages.<locals>.Pages object at 0x00000107CF0F8C20>\n\n    @allure.feature(\"Тестирование тарифа UP\")\n    def test_smena_pr(driver, file_data, app_pages):\n        \"\"\"\n        Запускает тесты на основе данных из файла.\n        \"\"\"\n        # for row in file_data:\n        #     execute_scenario(driver, row, app_pages)\n    \n        for row in file_data:\n>           process_tariff_changes(driver, row, app_pages)\n\ntest_app_android\\project\\tests\\test.py:297: \n_ _ _ _ _ _ _ _ _ _ _ _ _ _ _ _ _ _ _ _ _ _ _ _ _ _ _ _ _ _ _ _ _ _ _ _ _ _ _ _ _ _ _ _ _ _ _ _ _ _ _ _ _ _ _ _ _ _ _ _ _ _ _ _ _ _ _ _ _ _ _ _ _ _ _ _ _ _ _ _ _ _ _ _ _ _ _ _ _ _ _ _ _ _ _ _ _ _ _ _ _ _ _ _ _ _ _ _ _ _ _ _ _ _\ntest_app_android\\project\\tests\\test.py:485: in process_tariff_changes\n    test_plan.test_button_save_click()\ntest_app_android\\project\\tests\\test.py:205: in test_button_save_click\n    self.app_pages.check.button_save_click()\ntest_app_android\\project\\pages\\check_page.py:217: in button_save_click\n    self.check.button_save_click()\ntest_app_android\\project\\pages\\check_page.py:177: in button_save_click\n    self.button_click(name)\n_ _ _ _ _ _ _ _ _ _ _ _ _ _ _ _ _ _ _ _ _ _ _ _ _ _ _ _ _ _ _ _ _ _ _ _ _ _ _ _ _ _ _ _ _ _ _ _ _ _ _ _ _ _ _ _ _ _ _ _ _ _ _ _ _ _ _ _ _ _ _ _ _ _ _ _ _ _ _ _ _ _ _ _ _ _ _ _ _ _ _ _ _ _ _ _ _ _ _ _ _ _ _ _ _ _ _ _ _ _ _ _ _ _\n\nself = <test_app_android.project.pages.check_page.CheckPage object at 0x00000107CF391E80>, name = 'Сохранить'\n\n    def button_click(self, name):   #Клик по кнопке оплатить\n       with allure.step(f'Клик по кнопке \"{name}\"'):\n            try:\n                button = self.wait_for_element(AppiumBy.ANDROID_UIAUTOMATOR,f'new UiSelector().text(\"{name}\")')\n>               assert button, f'Ошибка: кнопка \"{name}\" не найдена'\nE               AssertionError: Ошибка: кнопка \"Сохранить\" не найдена\n\ntest_app_android\\project\\pages\\base_app.py:412: AssertionError"}, "description": "\nЗапускает тесты на основе данных из файла.\n", "steps": [{"name": "Тест-кейс: отключение услуги \"100 SMS\"", "status": "failed", "statusDetails": {"message": "AssertionError: Ошибка: кнопка \"Сохранить\" не найдена\n", "trace": "  File \"C:\\Users\\verli\\IdeaProjects\\AppBee\\test_app_android\\project\\tests\\test.py\", line 485, in process_tariff_changes\n    test_plan.test_button_save_click()\n    ~~~~~~~~~~~~~~~~~~~~~~~~~~~~~~~~^^\n  File \"C:\\Users\\verli\\IdeaProjects\\AppBee\\test_app_android\\project\\tests\\test.py\", line 205, in test_button_save_click\n    self.app_pages.check.button_save_click()\n    ~~~~~~~~~~~~~~~~~~~~~~~~~~~~~~~~~~~~~~^^\n  File \"C:\\Users\\verli\\IdeaProjects\\AppBee\\test_app_android\\project\\pages\\check_page.py\", line 217, in button_save_click\n    self.check.button_save_click()\n    ~~~~~~~~~~~~~~~~~~~~~~~~~~~~^^\n  File \"C:\\Users\\verli\\IdeaProjects\\AppBee\\test_app_android\\project\\pages\\check_page.py\", line 177, in button_save_click\n    self.button_click(name)\n    ~~~~~~~~~~~~~~~~~^^^^^^\n  File \"C:\\Users\\verli\\IdeaProjects\\AppBee\\test_app_android\\project\\pages\\base_app.py\", line 412, in button_click\n    assert button, f'Ошибка: кнопка \"{name}\" не найдена'\n           ^^^^^^\n"}, "steps": [{"name": "Переход в карточку тарифа", "status": "passed", "steps": [{"name": "Клик по кнопке \"настройки тарифа\"", "status": "passed", "start": 1736845515229, "stop": 1736845516837}], "start": 1736845515229, "stop": 1736845516837}, {"name": "Ожидание загрузки страницы \"тариф up\"", "status": "passed", "start": 1736845516837, "stop": 1736845520736}, {"name": "Скролл страницы вниз", "status": "passed", "start": 1736845520736, "stop": 1736845522845}, {"name": "Клик по тогглу \"100 SMS\"", "status": "passed", "steps": [{"name": "Клик по кнопке \"100 SMS\"", "status": "passed", "start": 1736845524563, "stop": 1736845524618}], "start": 1736845522845, "stop": 1736845524618}, {"name": "Проверяем стоимости на кнопке \"Продолжить\"", "status": "failed", "statusDetails": {"message": "AssertionError: Ошибка: неверное значение Продолжить,должно:840, получено: 870.0\n", "trace": "  File \"C:\\Users\\verli\\IdeaProjects\\AppBee\\test_app_android\\project\\pages\\tariff_up_page.py\", line 77, in check_button_price\n    assert ap == price, f'Ошибка: неверное значение {name},должно:{price}, получено: {ap}'\n           ^^^^^^^^^^^\n"}, "attachments": [{"name": "Значения цен", "source": "63e56b46-92c7-4147-b3b8-5508099e5cfb-attachment.txt", "type": "text/plain"}, {"name": "Ошибка сравнения цен", "source": "d9ebed9b-1a7f-4517-91c6-46b8fbba010e-attachment.txt", "type": "text/plain"}, {"name": "Скриншот", "source": "74c1bbff-9e30-4657-80b1-c2d612684a22-attachment.png", "type": "image/png"}], "start": 1736845524618, "stop": 1736845525689}, {"name": "Клик по кнопке \"Продолжить\"", "status": "passed", "steps": [{"name": "Клик по кнопке \"Продолжить\"", "status": "passed", "start": 1736845525692, "stop": 1736845525815}], "start": 1736845525692, "stop": 1736845525815}, {"name": "Ожидание чека \"Тариф UP\"", "status": "passed", "start": 1736845525815, "stop": 1736845531266}, {"name": "Проверка отключаемых услуг \"100 SMS\"", "status": "passed", "start": 1736845531266, "stop": 1736845531305}, {"name": "Клик по кнопке \"Сохранить\"", "status": "failed", "statusDetails": {"message": "AssertionError: Ошибка: кнопка \"Сохранить\" не найдена\n", "trace": "  File \"C:\\Users\\verli\\IdeaProjects\\AppBee\\test_app_android\\project\\pages\\check_page.py\", line 177, in button_save_click\n    self.button_click(name)\n    ~~~~~~~~~~~~~~~~~^^^^^^\n  File \"C:\\Users\\verli\\IdeaProjects\\AppBee\\test_app_android\\project\\pages\\base_app.py\", line 412, in button_click\n    assert button, f'Ошибка: кнопка \"{name}\" не найдена'\n           ^^^^^^\n"}, "steps": [{"name": "Клик по кнопке \"Сохранить\"", "status": "failed", "statusDetails": {"message": "AssertionError: Ошибка: кнопка \"Сохранить\" не найдена\n", "trace": "  File \"C:\\Users\\verli\\IdeaProjects\\AppBee\\test_app_android\\project\\pages\\base_app.py\", line 412, in button_click\n    assert button, f'Ошибка: кнопка \"{name}\" не найдена'\n           ^^^^^^\n"}, "attachments": [{"name": "Ошибка сравнения цен", "source": "5ee6acfd-4d90-4734-9576-16622a8f3bc0-attachment.txt", "type": "text/plain"}, {"name": "Скриншот", "source": "5affa6dc-d1fb-42f6-8ac3-8bc2dcddd920-attachment.png", "type": "image/png"}], "start": 1736845531305, "stop": 1736845546995}], "start": 1736845531305, "stop": 1736845546997}], "attachments": [{"name": "Ошибка", "source": "d233d6a0-3e8e-4cc0-b79f-6ff415461abc-attachment.txt", "type": "text/plain"}], "start": 1736845514007, "stop": 1736845546998}], "attachments": [{"name": "stdout", "source": "027b96e2-b033-4b35-b670-c8efad1ecfe3-attachment.txt", "type": "text/plain"}], "start": 1736845514007, "stop": 1736845547001, "uuid": "82829abc-cdf7-4d3c-90de-1928a262455b", "historyId": "7e317dec957f8d84ca3cc6ce5c1ea4ff", "testCaseId": "7e317dec957f8d84ca3cc6ce5c1ea4ff", "fullName": "test_app_android.project.tests.test#test_smena_pr", "labels": [{"name": "feature", "value": "Тестирование тарифа UP"}, {"name": "parentSuite", "value": "test_app_android.project.tests"}, {"name": "suite", "value": "test"}, {"name": "host", "value": "DESKTOP-G72BB0H"}, {"name": "thread", "value": "14164-MainThread"}, {"name": "framework", "value": "pytest"}, {"name": "language", "value": "cpython3"}, {"name": "package", "value": "test_app_android.project.tests.test"}]}