{"name": "test_smena_pr", "status": "broken", "statusDetails": {"message": "selenium.common.exceptions.NoSuchElementException: Message: Элемент с текстом \"('-android uiautomator', 'new UiSelector().text(\"тарифы\")')\" не найден; For documentation on this error, please visit: https://www.selenium.dev/documentation/webdriver/troubleshooting/errors#no-such-element-exception", "trace": "self = <test_app_android.project.pages.tariff_list_page.ListPage object at 0x00000277277117F0>, locator_type = '-android uiautomator', locator = 'new UiSelector().text(\"тарифы\")', timeout = 15\n\n    def wait_for_element(self, locator_type, locator, timeout=15):\n        try:\n>           return WebDriverWait(self.driver, timeout).until(\n                EC.presence_of_element_located((locator_type, locator))\n            )\n\ntest_app_android\\project\\pages\\base_app.py:46: \n_ _ _ _ _ _ _ _ _ _ _ _ _ _ _ _ _ _ _ _ _ _ _ _ _ _ _ _ _ _ _ _ _ _ _ _ _ _ _ _ _ _ _ _ _ _ _ _ _ _ _ _ _ _ _ _ _ _ _ _ _ _ _ _ _ _ _ _ _ _ _ _ _ _ _ _ _ _ _ _ _ _ _ _ _ _ _ _ _ _ _ _ _ _ _ _ _ _ _ _ _ _ _ _ _ _ _ _ _ _ _ _ _ _\n\nself = <selenium.webdriver.support.wait.WebDriverWait (session=\"8533e3cb-a90f-45a2-b81c-45d04a2337b1\")>, method = <function presence_of_element_located.<locals>._predicate at 0x00000277274558A0>, message = ''\n\n    def until(self, method: Callable[[D], Union[Literal[False], T]], message: str = \"\") -> T:\n        \"\"\"Calls the method provided with the driver as an argument until the \\\n        return value does not evaluate to ``False``.\n    \n        :param method: callable(WebDriver)\n        :param message: optional message for :exc:`TimeoutException`\n        :returns: the result of the last call to `method`\n        :raises: :exc:`selenium.common.exceptions.TimeoutException` if timeout occurs\n        \"\"\"\n        screen = None\n        stacktrace = None\n    \n        end_time = time.monotonic() + self._timeout\n        while True:\n            try:\n                value = method(self._driver)\n                if value:\n                    return value\n            except self._ignored_exceptions as exc:\n                screen = getattr(exc, \"screen\", None)\n                stacktrace = getattr(exc, \"stacktrace\", None)\n            if time.monotonic() > end_time:\n                break\n            time.sleep(self._poll)\n>       raise TimeoutException(message, screen, stacktrace)\nE       selenium.common.exceptions.TimeoutException: Message: \nE       Stacktrace:\nE       NoSuchElementError: An element could not be located on the page using the given search parameters.\nE           at AndroidUiautomator2Driver.findElOrEls (C:\\Users\\verli\\.appium\\node_modules\\appium-uiautomator2-driver\\node_modules\\appium-android-driver\\lib\\commands\\find.ts:86:11)\nE           at processTicksAndRejections (node:internal/process/task_queues:105:5)\nE           at AndroidUiautomator2Driver.findElOrElsWithProcessing (C:\\Users\\verli\\AppData\\Roaming\\npm\\node_modules\\appium\\node_modules\\@appium\\base-driver\\lib\\basedriver\\commands\\find.ts:60:12)\nE           at AndroidUiautomator2Driver.findElement (C:\\Users\\verli\\AppData\\Roaming\\npm\\node_modules\\appium\\node_modules\\@appium\\base-driver\\lib\\basedriver\\commands\\find.ts:75:12)\n\n..\\BeelineQA\\venv\\Lib\\site-packages\\selenium\\webdriver\\support\\wait.py:105: TimeoutException\n\nDuring handling of the above exception, another exception occurred:\n\ndriver = <appium.webdriver.webdriver.WebDriver (session=\"8533e3cb-a90f-45a2-b81c-45d04a2337b1\")>\nfile_data = [{'balance': 2500, 'cycle': 'month', 'default': 'no', 'market': 'SCH', ...}, {'balance': 2500, 'cycle': 'month', 'default': 'no', 'market': 'SCH', ...}, {'balance': 2500, 'cycle': 'month', 'default': 'no', 'market': 'SCH', ...}]\napp_pages = <test_app_android.project.tests.conftest.app_pages.<locals>.Pages object at 0x0000027727478C20>\n\n    @allure.feature(\"Тестирование тарифа UP\")\n    def test_smena_pr(driver, file_data, app_pages):\n        #:param row_indices: Индекс строки для запуска (начиная с 0).\n        row_indices = None\n        # row_indices=None запускаются все строки\n        # row_indices=[0] запуск одной строки, 0 эта первая строка теста\n        # row_indices=[1, 2] запуск нескольких строк\n        # row_indices=range(1, 4) запускается диапазон строк\n        \"\"\"\n        Тестирование тарифа UP\n        \"\"\"\n        if row_indices is not None:\n            # Запускаем только указанные строки по индексам\n            for index in row_indices:\n>               process_tariff_changes(driver, file_data[index], app_pages)\n\ntest_app_android\\project\\tests\\test.py:330: \n_ _ _ _ _ _ _ _ _ _ _ _ _ _ _ _ _ _ _ _ _ _ _ _ _ _ _ _ _ _ _ _ _ _ _ _ _ _ _ _ _ _ _ _ _ _ _ _ _ _ _ _ _ _ _ _ _ _ _ _ _ _ _ _ _ _ _ _ _ _ _ _ _ _ _ _ _ _ _ _ _ _ _ _ _ _ _ _ _ _ _ _ _ _ _ _ _ _ _ _ _ _ _ _ _ _ _ _ _ _ _ _ _ _\ntest_app_android\\project\\tests\\test.py:352: in process_tariff_changes\n    test_plan.test_select_tariff(app_pages)\ntest_app_android\\project\\tests\\test.py:98: in test_select_tariff\n    self.app_pages.list.go_tariff(self.name_tp)\ntest_app_android\\project\\pages\\tariff_list_page.py:43: in go_tariff\n    self.list.go_tariff(name)\ntest_app_android\\project\\pages\\tariff_list_page.py:13: in go_tariff\n    self.wait_for_element(AppiumBy.ANDROID_UIAUTOMATOR, 'new UiSelector().text(\"тарифы\")')\n_ _ _ _ _ _ _ _ _ _ _ _ _ _ _ _ _ _ _ _ _ _ _ _ _ _ _ _ _ _ _ _ _ _ _ _ _ _ _ _ _ _ _ _ _ _ _ _ _ _ _ _ _ _ _ _ _ _ _ _ _ _ _ _ _ _ _ _ _ _ _ _ _ _ _ _ _ _ _ _ _ _ _ _ _ _ _ _ _ _ _ _ _ _ _ _ _ _ _ _ _ _ _ _ _ _ _ _ _ _ _ _ _ _\n\nself = <test_app_android.project.pages.tariff_list_page.ListPage object at 0x00000277277117F0>, locator_type = '-android uiautomator', locator = 'new UiSelector().text(\"тарифы\")', timeout = 15\n\n    def wait_for_element(self, locator_type, locator, timeout=15):\n        try:\n            return WebDriverWait(self.driver, timeout).until(\n                EC.presence_of_element_located((locator_type, locator))\n            )\n        except Exception as e:\n            print(f'Не найден элемент с текстом \"{locator_type, locator}\"')\n            allure.attach(f\"Попытка найти элемент с текстом: '{locator_type, locator}'\", name=\"Детали поиска\", attachment_type=allure.attachment_type.TEXT)\n            screenshot = self.driver.get_screenshot_as_png()\n            allure.attach(screenshot, name=\"Скриншот\", attachment_type=allure.attachment_type.PNG)\n>           raise NoSuchElementException(f'Элемент с текстом \"{locator_type, locator}\" не найден')\nE           selenium.common.exceptions.NoSuchElementException: Message: Элемент с текстом \"('-android uiautomator', 'new UiSelector().text(\"тарифы\")')\" не найден; For documentation on this error, please visit: https://www.selenium.dev/documentation/webdriver/troubleshooting/errors#no-such-element-exception\n\ntest_app_android\\project\\pages\\base_app.py:54: NoSuchElementException"}, "steps": [{"name": "Тест-кейс: смена тарифа \"Тариф UP\"", "status": "broken", "statusDetails": {"message": "selenium.common.exceptions.NoSuchElementException: Message: Элемент с текстом \"('-android uiautomator', 'new UiSelector().text(\"тарифы\")')\" не найден; For documentation on this error, please visit: https://www.selenium.dev/documentation/webdriver/troubleshooting/errors#no-such-element-exception\n\n", "trace": "  File \"C:\\Users\\verli\\IdeaProjects\\AppBee\\test_app_android\\project\\tests\\test.py\", line 352, in process_tariff_changes\n    test_plan.test_select_tariff(app_pages)\n    ~~~~~~~~~~~~~~~~~~~~~~~~~~~~^^^^^^^^^^^\n  File \"C:\\Users\\verli\\IdeaProjects\\AppBee\\test_app_android\\project\\tests\\test.py\", line 98, in test_select_tariff\n    self.app_pages.list.go_tariff(self.name_tp)\n    ~~~~~~~~~~~~~~~~~~~~~~~~~~~~~^^^^^^^^^^^^^^\n  File \"C:\\Users\\verli\\IdeaProjects\\AppBee\\test_app_android\\project\\pages\\tariff_list_page.py\", line 43, in go_tariff\n    self.list.go_tariff(name)\n    ~~~~~~~~~~~~~~~~~~~^^^^^^\n  File \"C:\\Users\\verli\\IdeaProjects\\AppBee\\test_app_android\\project\\pages\\tariff_list_page.py\", line 13, in go_tariff\n    self.wait_for_element(AppiumBy.ANDROID_UIAUTOMATOR, 'new UiSelector().text(\"тарифы\")')\n    ~~~~~~~~~~~~~~~~~~~~~^^^^^^^^^^^^^^^^^^^^^^^^^^^^^^^^^^^^^^^^^^^^^^^^^^^^^^^^^^^^^^^^^\n  File \"C:\\Users\\verli\\IdeaProjects\\AppBee\\test_app_android\\project\\pages\\base_app.py\", line 54, in wait_for_element\n    raise NoSuchElementException(f'Элемент с текстом \"{locator_type, locator}\" не найден')\n"}, "steps": [{"name": "Переход в каталог тарифов", "status": "passed", "steps": [{"name": "Клик по кнопке \"сменить тариф\"", "status": "passed", "attachments": [{"name": "Детали поиска", "source": "33203787-d8e1-47b4-afb8-5c1db7de5892-attachment.txt", "type": "text/plain"}, {"name": "Скриншот", "source": "2b5567c8-4bd2-43c7-ad13-f227c8081d13-attachment.png", "type": "image/png"}, {"name": "Непредвиденная ошибка", "source": "30485dca-8267-4665-a313-f27e313f6df8-attachment.txt", "type": "text/plain"}, {"name": "Скриншот", "source": "d5458c23-f348-4a6c-b6b0-7d32e4ed2f22-attachment.png", "type": "image/png"}], "start": 1737365994851, "stop": 1737366013162}], "start": 1737365994851, "stop": 1737366013162}, {"name": "Поиск и выбор тарифа \"Тариф UP\"", "status": "broken", "statusDetails": {"message": "selenium.common.exceptions.NoSuchElementException: Message: Элемент с текстом \"('-android uiautomator', 'new UiSelector().text(\"тарифы\")')\" не найден; For documentation on this error, please visit: https://www.selenium.dev/documentation/webdriver/troubleshooting/errors#no-such-element-exception\n\n", "trace": "  File \"C:\\Users\\verli\\IdeaProjects\\AppBee\\test_app_android\\project\\pages\\tariff_list_page.py\", line 13, in go_tariff\n    self.wait_for_element(AppiumBy.ANDROID_UIAUTOMATOR, 'new UiSelector().text(\"тарифы\")')\n    ~~~~~~~~~~~~~~~~~~~~~^^^^^^^^^^^^^^^^^^^^^^^^^^^^^^^^^^^^^^^^^^^^^^^^^^^^^^^^^^^^^^^^^\n  File \"C:\\Users\\verli\\IdeaProjects\\AppBee\\test_app_android\\project\\pages\\base_app.py\", line 54, in wait_for_element\n    raise NoSuchElementException(f'Элемент с текстом \"{locator_type, locator}\" не найден')\n"}, "attachments": [{"name": "Детали поиска", "source": "705322ba-8983-4e8b-aadc-884f78d31338-attachment.txt", "type": "text/plain"}, {"name": "Скриншот", "source": "77c1a1ca-1a67-4757-97f2-b5e37f15f9cf-attachment.png", "type": "image/png"}], "start": 1737366013162, "stop": 1737366029954}], "attachments": [{"name": "Непредвиденная ошибка", "source": "29d04128-82d9-42de-8412-7899887be374-attachment.txt", "type": "text/plain"}, {"name": "Скриншот", "source": "74e8813c-2a3e-4b0b-bcf5-fb8aade0e1ea-attachment.png", "type": "image/png"}], "start": 1737365990984, "stop": 1737366029957}], "attachments": [{"name": "stdout", "source": "62306c13-80b5-4c1e-a880-c836ff036014-attachment.txt", "type": "text/plain"}], "start": 1737365990983, "stop": 1737366029959, "uuid": "6ac1f06a-8932-43ea-bfb4-797eff79cfb5", "historyId": "7e317dec957f8d84ca3cc6ce5c1ea4ff", "testCaseId": "7e317dec957f8d84ca3cc6ce5c1ea4ff", "fullName": "test_app_android.project.tests.test#test_smena_pr", "labels": [{"name": "feature", "value": "Тестирование тарифа UP"}, {"name": "parentSuite", "value": "test_app_android.project.tests"}, {"name": "suite", "value": "test"}, {"name": "host", "value": "DESKTOP-G72BB0H"}, {"name": "thread", "value": "7056-MainThread"}, {"name": "framework", "value": "pytest"}, {"name": "language", "value": "cpython3"}, {"name": "package", "value": "test_app_android.project.tests.test"}]}